[2025-07-14T00:00:05.306+0000] {processor.py:157} INFO - Started process (PID=4722) to work on /opt/airflow/dags/bakery_init_infrastructure.py
[2025-07-14T00:00:05.308+0000] {processor.py:829} INFO - Processing file /opt/airflow/dags/bakery_init_infrastructure.py for tasks to queue
[2025-07-14T00:00:05.316+0000] {logging_mixin.py:151} INFO - [2025-07-14T00:00:05.310+0000] {dagbag.py:536} INFO - Filling up the DagBag from /opt/airflow/dags/bakery_init_infrastructure.py
[2025-07-14T00:00:05.439+0000] {processor.py:839} INFO - DAG(s) dict_keys(['bakery_init_infrastructure']) retrieved from /opt/airflow/dags/bakery_init_infrastructure.py
[2025-07-14T00:00:05.829+0000] {logging_mixin.py:151} INFO - [2025-07-14T00:00:05.829+0000] {dag.py:2941} INFO - Sync 1 DAGs
[2025-07-14T00:00:05.933+0000] {logging_mixin.py:151} INFO - [2025-07-14T00:00:05.933+0000] {dag.py:3722} INFO - Setting next_dagrun for bakery_init_infrastructure to None, run_after=None
[2025-07-14T00:00:06.138+0000] {processor.py:179} INFO - Processing /opt/airflow/dags/bakery_init_infrastructure.py took 0.839 seconds
[2025-07-14T00:18:44.609+0000] {processor.py:157} INFO - Started process (PID=4737) to work on /opt/airflow/dags/bakery_init_infrastructure.py
[2025-07-14T00:18:44.612+0000] {processor.py:829} INFO - Processing file /opt/airflow/dags/bakery_init_infrastructure.py for tasks to queue
[2025-07-14T00:18:44.622+0000] {logging_mixin.py:151} INFO - [2025-07-14T00:18:44.622+0000] {dagbag.py:536} INFO - Filling up the DagBag from /opt/airflow/dags/bakery_init_infrastructure.py
[2025-07-14T00:18:44.704+0000] {processor.py:839} INFO - DAG(s) dict_keys(['bakery_init_infrastructure']) retrieved from /opt/airflow/dags/bakery_init_infrastructure.py
[2025-07-14T00:18:44.992+0000] {logging_mixin.py:151} INFO - [2025-07-14T00:18:44.991+0000] {dag.py:2941} INFO - Sync 1 DAGs
[2025-07-14T00:18:45.115+0000] {logging_mixin.py:151} INFO - [2025-07-14T00:18:45.115+0000] {dag.py:3722} INFO - Setting next_dagrun for bakery_init_infrastructure to None, run_after=None
[2025-07-14T00:18:45.386+0000] {processor.py:179} INFO - Processing /opt/airflow/dags/bakery_init_infrastructure.py took 0.784 seconds
[2025-07-14T00:19:29.926+0000] {processor.py:157} INFO - Started process (PID=4756) to work on /opt/airflow/dags/bakery_init_infrastructure.py
[2025-07-14T00:19:29.929+0000] {processor.py:829} INFO - Processing file /opt/airflow/dags/bakery_init_infrastructure.py for tasks to queue
[2025-07-14T00:19:29.932+0000] {logging_mixin.py:151} INFO - [2025-07-14T00:19:29.931+0000] {dagbag.py:536} INFO - Filling up the DagBag from /opt/airflow/dags/bakery_init_infrastructure.py
[2025-07-14T00:19:30.033+0000] {processor.py:839} INFO - DAG(s) dict_keys(['bakery_init_infrastructure']) retrieved from /opt/airflow/dags/bakery_init_infrastructure.py
[2025-07-14T00:19:30.169+0000] {logging_mixin.py:151} INFO - [2025-07-14T00:19:30.169+0000] {dag.py:2941} INFO - Sync 1 DAGs
[2025-07-14T00:19:30.222+0000] {logging_mixin.py:151} INFO - [2025-07-14T00:19:30.222+0000] {dag.py:3722} INFO - Setting next_dagrun for bakery_init_infrastructure to None, run_after=None
[2025-07-14T00:19:30.289+0000] {processor.py:179} INFO - Processing /opt/airflow/dags/bakery_init_infrastructure.py took 0.380 seconds
[2025-07-14T02:34:04.115+0000] {processor.py:157} INFO - Started process (PID=4773) to work on /opt/airflow/dags/bakery_init_infrastructure.py
[2025-07-14T02:34:04.164+0000] {processor.py:829} INFO - Processing file /opt/airflow/dags/bakery_init_infrastructure.py for tasks to queue
[2025-07-14T02:34:04.233+0000] {logging_mixin.py:151} INFO - [2025-07-14T02:34:04.201+0000] {dagbag.py:536} INFO - Filling up the DagBag from /opt/airflow/dags/bakery_init_infrastructure.py
[2025-07-14T02:34:36.264+0000] {processor.py:839} INFO - DAG(s) dict_keys(['bakery_init_infrastructure']) retrieved from /opt/airflow/dags/bakery_init_infrastructure.py
[2025-07-14T02:34:36.486+0000] {logging_mixin.py:151} INFO - [2025-07-14T02:34:36.485+0000] {dag.py:2941} INFO - Sync 1 DAGs
[2025-07-14T02:34:36.561+0000] {logging_mixin.py:151} INFO - [2025-07-14T02:34:36.560+0000] {dag.py:3722} INFO - Setting next_dagrun for bakery_init_infrastructure to None, run_after=None
[2025-07-14T02:34:37.488+0000] {processor.py:179} INFO - Processing /opt/airflow/dags/bakery_init_infrastructure.py took 2.748 seconds
