[2025-07-14T00:00:06.455+0000] {processor.py:157} INFO - Started process (PID=4727) to work on /opt/airflow/dags/bakery_batch_etl.py
[2025-07-14T00:00:06.462+0000] {processor.py:829} INFO - Processing file /opt/airflow/dags/bakery_batch_etl.py for tasks to queue
[2025-07-14T00:00:06.474+0000] {logging_mixin.py:151} INFO - [2025-07-14T00:00:06.473+0000] {dagbag.py:536} INFO - Filling up the DagBag from /opt/airflow/dags/bakery_batch_etl.py
[2025-07-14T00:00:06.601+0000] {processor.py:839} INFO - DAG(s) dict_keys(['bakery_batch_etl']) retrieved from /opt/airflow/dags/bakery_batch_etl.py
[2025-07-14T00:00:06.733+0000] {logging_mixin.py:151} INFO - [2025-07-14T00:00:06.731+0000] {dag.py:2941} INFO - Sync 1 DAGs
[2025-07-14T00:00:06.897+0000] {logging_mixin.py:151} INFO - [2025-07-14T00:00:06.896+0000] {dag.py:3722} INFO - Setting next_dagrun for bakery_batch_etl to 2025-07-12T02:00:00+00:00, run_after=2025-07-13T02:00:00+00:00
[2025-07-14T00:00:07.004+0000] {processor.py:179} INFO - Processing /opt/airflow/dags/bakery_batch_etl.py took 0.556 seconds
[2025-07-14T00:18:45.353+0000] {processor.py:157} INFO - Started process (PID=4744) to work on /opt/airflow/dags/bakery_batch_etl.py
[2025-07-14T00:18:45.360+0000] {processor.py:829} INFO - Processing file /opt/airflow/dags/bakery_batch_etl.py for tasks to queue
[2025-07-14T00:18:45.363+0000] {logging_mixin.py:151} INFO - [2025-07-14T00:18:45.362+0000] {dagbag.py:536} INFO - Filling up the DagBag from /opt/airflow/dags/bakery_batch_etl.py
[2025-07-14T00:18:45.533+0000] {processor.py:839} INFO - DAG(s) dict_keys(['bakery_batch_etl']) retrieved from /opt/airflow/dags/bakery_batch_etl.py
[2025-07-14T00:18:45.681+0000] {logging_mixin.py:151} INFO - [2025-07-14T00:18:45.680+0000] {dag.py:2941} INFO - Sync 1 DAGs
[2025-07-14T00:18:45.793+0000] {logging_mixin.py:151} INFO - [2025-07-14T00:18:45.782+0000] {dag.py:3722} INFO - Setting next_dagrun for bakery_batch_etl to 2025-07-12T02:00:00+00:00, run_after=2025-07-13T02:00:00+00:00
[2025-07-14T00:18:45.894+0000] {processor.py:179} INFO - Processing /opt/airflow/dags/bakery_batch_etl.py took 0.547 seconds
[2025-07-14T00:19:30.439+0000] {processor.py:157} INFO - Started process (PID=4761) to work on /opt/airflow/dags/bakery_batch_etl.py
[2025-07-14T00:19:30.451+0000] {processor.py:829} INFO - Processing file /opt/airflow/dags/bakery_batch_etl.py for tasks to queue
[2025-07-14T00:19:30.453+0000] {logging_mixin.py:151} INFO - [2025-07-14T00:19:30.453+0000] {dagbag.py:536} INFO - Filling up the DagBag from /opt/airflow/dags/bakery_batch_etl.py
[2025-07-14T00:19:30.555+0000] {processor.py:839} INFO - DAG(s) dict_keys(['bakery_batch_etl']) retrieved from /opt/airflow/dags/bakery_batch_etl.py
[2025-07-14T00:19:30.684+0000] {logging_mixin.py:151} INFO - [2025-07-14T00:19:30.684+0000] {dag.py:2941} INFO - Sync 1 DAGs
[2025-07-14T00:19:30.814+0000] {logging_mixin.py:151} INFO - [2025-07-14T00:19:30.813+0000] {dag.py:3722} INFO - Setting next_dagrun for bakery_batch_etl to 2025-07-12T02:00:00+00:00, run_after=2025-07-13T02:00:00+00:00
[2025-07-14T00:19:31.401+0000] {processor.py:179} INFO - Processing /opt/airflow/dags/bakery_batch_etl.py took 0.969 seconds
[2025-07-14T02:34:38.312+0000] {processor.py:157} INFO - Started process (PID=4782) to work on /opt/airflow/dags/bakery_batch_etl.py
[2025-07-14T02:34:38.904+0000] {processor.py:829} INFO - Processing file /opt/airflow/dags/bakery_batch_etl.py for tasks to queue
[2025-07-14T02:34:39.695+0000] {logging_mixin.py:151} INFO - [2025-07-14T02:34:39.694+0000] {dagbag.py:536} INFO - Filling up the DagBag from /opt/airflow/dags/bakery_batch_etl.py
[2025-07-14T02:34:39.809+0000] {processor.py:839} INFO - DAG(s) dict_keys(['bakery_batch_etl']) retrieved from /opt/airflow/dags/bakery_batch_etl.py
[2025-07-14T02:34:39.935+0000] {logging_mixin.py:151} INFO - [2025-07-14T02:34:39.935+0000] {dag.py:2941} INFO - Sync 1 DAGs
[2025-07-14T02:34:40.169+0000] {logging_mixin.py:151} INFO - [2025-07-14T02:34:40.168+0000] {dag.py:3722} INFO - Setting next_dagrun for bakery_batch_etl to 2025-07-13T02:00:00+00:00, run_after=2025-07-14T02:00:00+00:00
[2025-07-14T02:34:40.678+0000] {processor.py:179} INFO - Processing /opt/airflow/dags/bakery_batch_etl.py took 2.381 seconds
